<?xml version="1.0" encoding="UTF-8"?>
<!-- Generated by org.testng.reporters.JUnitReportReporter -->
<testsuite hostname="DESKTOP-2206U1P" failures="0" tests="1" name="ExcelDriven" time="9.823" errors="0" timestamp="2025-07-15T12:51:43 IST" skipped="0">
  <testcase classname="ExcelDriven" name="Addbook" time="9.823"/>
</testsuite> <!-- ExcelDriven -->
